# JRE version: OpenJDK Runtime Environment (11.0.5+10) (build 11.0.5+10-post-Ubuntu-0ubuntu1.118.04)
# Java VM: OpenJDK 64-Bit Server VM (11.0.5+10-post-Ubuntu-0ubuntu1.118.04, mixed mode, sharing, tiered, compressed oops, g1 gc, linux-amd64)
Heap:
 garbage-first heap   total 152576K, used 64267K [0x0000000086c00000, 0x0000000100000000)
  region size 1024K, 56 young (57344K), 10 survivors (10240K)
 Metaspace       used 34281K, capacity 35483K, committed 35628K, reserved 1079296K
  class space    used 4472K, capacity 4970K, committed 4992K, reserved 1048576K
GC Heap History (19 events):
Event: 2.698 GC heap before
{Heap before GC invocations=0 (full 0):
 garbage-first heap   total 126976K, used 16056K [0x0000000086c00000, 0x0000000100000000)
  region size 1024K, 14 young (14336K), 0 survivors (0K)
 Metaspace       used 5369K, capacity 5804K, committed 6016K, reserved 1056768K
  class space    used 698K, capacity 800K, committed 896K, reserved 1048576K
}
Event: 2.716 GC heap after
{Heap after GC invocations=1 (full 0):
 garbage-first heap   total 126976K, used 6612K [0x0000000086c00000, 0x0000000100000000)
  region size 1024K, 2 young (2048K), 2 survivors (2048K)
 Metaspace       used 5369K, capacity 5804K, committed 6016K, reserved 1056768K
  class space    used 698K, capacity 800K, committed 896K, reserved 1048576K
}
Event: 3.154 GC heap before
{Heap before GC invocations=1 (full 0):
 garbage-first heap   total 126976K, used 10708K [0x0000000086c00000, 0x0000000100000000)
  region size 1024K, 6 young (6144K), 2 survivors (2048K)
 Metaspace       used 6338K, capacity 6688K, committed 6912K, reserved 1056768K
  class space    used 812K, capacity 964K, committed 1024K, reserved 1048576K
}
Event: 3.167 GC heap after
{Heap after GC invocations=2 (full 0):
 garbage-first heap   total 126976K, used 7358K [0x0000000086c00000, 0x0000000100000000)
  region size 1024K, 1 young (1024K), 1 survivors (1024K)
 Metaspace       used 6338K, capacity 6688K, committed 6912K, reserved 1056768K
  class space    used 812K, capacity 964K, committed 1024K, reserved 1048576K
}
Event: 3.414 GC heap before
{Heap before GC invocations=2 (full 0):
 garbage-first heap   total 126976K, used 24766K [0x0000000086c00000, 0x0000000100000000)
  region size 1024K, 19 young (19456K), 1 survivors (1024K)
 Metaspace       used 7113K, capacity 7435K, committed 7552K, reserved 1056768K
  class space    used 906K, capacity 1044K, committed 1152K, reserved 1048576K
}
Event: 3.419 GC heap after
{Heap after GC invocations=3 (full 0):
 garbage-first heap   total 126976K, used 7774K [0x0000000086c00000, 0x0000000100000000)
  region size 1024K, 2 young (2048K), 2 survivors (2048K)
 Metaspace       used 7113K, capacity 7435K, committed 7552K, reserved 1056768K
  class space    used 906K, capacity 1044K, committed 1152K, reserved 1048576K
}
Event: 3.645 GC heap before
{Heap before GC invocations=3 (full 0):
 garbage-first heap   total 126976K, used 35422K [0x0000000086c00000, 0x0000000100000000)
  region size 1024K, 30 young (30720K), 2 survivors (2048K)
 Metaspace       used 7798K, capacity 8231K, committed 8448K, reserved 1056768K
  class space    used 1016K, capacity 1181K, committed 1280K, reserved 1048576K
}
Event: 3.653 GC heap after
{Heap after GC invocations=4 (full 0):
 garbage-first heap   total 126976K, used 7972K [0x0000000086c00000, 0x0000000100000000)
  region size 1024K, 2 young (2048K), 2 survivors (2048K)
 Metaspace       used 7798K, capacity 8231K, committed 8448K, reserved 1056768K
  class space    used 1016K, capacity 1181K, committed 1280K, reserved 1048576K
}
Event: 6.263 GC heap before
{Heap before GC invocations=4 (full 0):
 garbage-first heap   total 126976K, used 79652K [0x0000000086c00000, 0x0000000100000000)
  region size 1024K, 73 young (74752K), 2 survivors (2048K)
 Metaspace       used 18165K, capacity 18851K, committed 19200K, reserved 1064960K
  class space    used 2453K, capacity 2733K, committed 2816K, reserved 1048576K
}
Event: 6.280 GC heap after
{Heap after GC invocations=5 (full 0):
 garbage-first heap   total 126976K, used 10958K [0x0000000086c00000, 0x0000000100000000)
  region size 1024K, 5 young (5120K), 5 survivors (5120K)
 Metaspace       used 18165K, capacity 18851K, committed 19200K, reserved 1064960K
  class space    used 2453K, capacity 2733K, committed 2816K, reserved 1048576K
}
Event: 7.031 GC heap before
{Heap before GC invocations=5 (full 0):
 garbage-first heap   total 126976K, used 79566K [0x0000000086c00000, 0x0000000100000000)
  region size 1024K, 73 young (74752K), 5 survivors (5120K)
 Metaspace       used 19268K, capacity 20078K, committed 20352K, reserved 1067008K
  class space    used 2604K, capacity 2924K, committed 2944K, reserved 1048576K
}
Event: 7.049 GC heap after
{Heap after GC invocations=6 (full 0):
 garbage-first heap   total 152576K, used 12835K [0x0000000086c00000, 0x0000000100000000)
  region size 1024K, 6 young (6144K), 6 survivors (6144K)
 Metaspace       used 19268K, capacity 20078K, committed 20352K, reserved 1067008K
  class space    used 2604K, capacity 2924K, committed 2944K, reserved 1048576K
}
Event: 8.219 GC heap before
{Heap before GC invocations=6 (full 0):
 garbage-first heap   total 152576K, used 22051K [0x0000000086c00000, 0x0000000100000000)
  region size 1024K, 16 young (16384K), 6 survivors (6144K)
 Metaspace       used 20224K, capacity 21029K, committed 21248K, reserved 1067008K
  class space    used 2739K, capacity 3047K, committed 3072K, reserved 1048576K
}
Event: 8.242 GC heap after
{Heap after GC invocations=7 (full 0):
 garbage-first heap   total 152576K, used 13623K [0x0000000086c00000, 0x0000000100000000)
  region size 1024K, 7 young (7168K), 7 survivors (7168K)
 Metaspace       used 20224K, capacity 21029K, committed 21248K, reserved 1067008K
  class space    used 2739K, capacity 3047K, committed 3072K, reserved 1048576K
}
Event: 10.161 GC heap before
{Heap before GC invocations=8 (full 0):
 garbage-first heap   total 152576K, used 80183K [0x0000000086c00000, 0x0000000100000000)
  region size 1024K, 73 young (74752K), 7 survivors (7168K)
 Metaspace       used 25734K, capacity 26776K, committed 27008K, reserved 1073152K
  class space    used 3498K, capacity 3931K, committed 3968K, reserved 1048576K
}
Event: 10.186 GC heap after
{Heap after GC invocations=9 (full 0):
 garbage-first heap   total 152576K, used 16524K [0x0000000086c00000, 0x0000000100000000)
  region size 1024K, 6 young (6144K), 6 survivors (6144K)
 Metaspace       used 25734K, capacity 26776K, committed 27008K, reserved 1073152K
  class space    used 3498K, capacity 3931K, committed 3968K, reserved 1048576K
}
Event: 10.662 GC heap before
{Heap before GC invocations=9 (full 0):
 garbage-first heap   total 152576K, used 86156K [0x0000000086c00000, 0x0000000100000000)
  region size 1024K, 75 young (76800K), 6 survivors (6144K)
 Metaspace       used 27122K, capacity 28207K, committed 28544K, reserved 1073152K
  class space    used 3641K, capacity 4107K, committed 4224K, reserved 1048576K
}
Event: 10.677 GC heap after
{Heap after GC invocations=10 (full 0):
 garbage-first heap   total 152576K, used 17673K [0x0000000086c00000, 0x0000000100000000)
  region size 1024K, 5 young (5120K), 5 survivors (5120K)
 Metaspace       used 27122K, capacity 28207K, committed 28544K, reserved 1073152K
  class space    used 3641K, capacity 4107K, committed 4224K, reserved 1048576K
}
Event: 12.464 GC heap before
{Heap before GC invocations=10 (full 0):
 garbage-first heap   total 152576K, used 63753K [0x0000000086c00000, 0x0000000100000000)
  region size 1024K, 51 young (52224K), 5 survivors (5120K)
 Metaspace       used 34281K, capacity 35483K, committed 35628K, reserved 1079296K
  class space    used 4472K, capacity 4970K, committed 4992K, reserved 1048576K
}

