# JRE version: OpenJDK Runtime Environment (11.0.5+10) (build 11.0.5+10-post-Ubuntu-0ubuntu1.118.04)
# Java VM: OpenJDK 64-Bit Server VM (11.0.5+10-post-Ubuntu-0ubuntu1.118.04, mixed mode, sharing, tiered, compressed oops, g1 gc, linux-amd64)
Heap:
 garbage-first heap   total 179200K, used 113881K [0x0000000086c00000, 0x0000000100000000)
  region size 1024K, 109 young (111616K), 11 survivors (11264K)
 Metaspace       used 26647K, capacity 27745K, committed 27900K, reserved 1073152K
  class space    used 3572K, capacity 4037K, committed 4096K, reserved 1048576K
GC Heap History (13 events):
Event: 0.517 GC heap before
{Heap before GC invocations=0 (full 0):
 garbage-first heap   total 126976K, used 16056K [0x0000000086c00000, 0x0000000100000000)
  region size 1024K, 14 young (14336K), 0 survivors (0K)
 Metaspace       used 5378K, capacity 5804K, committed 6016K, reserved 1056768K
  class space    used 698K, capacity 800K, committed 896K, reserved 1048576K
}
Event: 0.534 GC heap after
{Heap after GC invocations=1 (full 0):
 garbage-first heap   total 126976K, used 6525K [0x0000000086c00000, 0x0000000100000000)
  region size 1024K, 2 young (2048K), 2 survivors (2048K)
 Metaspace       used 5378K, capacity 5804K, committed 6016K, reserved 1056768K
  class space    used 698K, capacity 800K, committed 896K, reserved 1048576K
}
Event: 0.636 GC heap before
{Heap before GC invocations=1 (full 0):
 garbage-first heap   total 126976K, used 10621K [0x0000000086c00000, 0x0000000100000000)
  region size 1024K, 6 young (6144K), 2 survivors (2048K)
 Metaspace       used 6344K, capacity 6696K, committed 6912K, reserved 1056768K
  class space    used 811K, capacity 964K, committed 1024K, reserved 1048576K
}
Event: 0.645 GC heap after
{Heap after GC invocations=2 (full 0):
 garbage-first heap   total 126976K, used 7457K [0x0000000086c00000, 0x0000000100000000)
  region size 1024K, 1 young (1024K), 1 survivors (1024K)
 Metaspace       used 6344K, capacity 6696K, committed 6912K, reserved 1056768K
  class space    used 811K, capacity 964K, committed 1024K, reserved 1048576K
}
Event: 0.747 GC heap before
{Heap before GC invocations=2 (full 0):
 garbage-first heap   total 126976K, used 25889K [0x0000000086c00000, 0x0000000100000000)
  region size 1024K, 20 young (20480K), 1 survivors (1024K)
 Metaspace       used 7123K, capacity 7443K, committed 7552K, reserved 1056768K
  class space    used 906K, capacity 1044K, committed 1152K, reserved 1048576K
}
Event: 0.751 GC heap after
{Heap after GC invocations=3 (full 0):
 garbage-first heap   total 126976K, used 7879K [0x0000000086c00000, 0x0000000100000000)
  region size 1024K, 2 young (2048K), 2 survivors (2048K)
 Metaspace       used 7123K, capacity 7443K, committed 7552K, reserved 1056768K
  class space    used 906K, capacity 1044K, committed 1152K, reserved 1048576K
}
Event: 0.863 GC heap before
{Heap before GC invocations=3 (full 0):
 garbage-first heap   total 126976K, used 36551K [0x0000000086c00000, 0x0000000100000000)
  region size 1024K, 31 young (31744K), 2 survivors (2048K)
 Metaspace       used 8169K, capacity 8546K, committed 8704K, reserved 1056768K
  class space    used 1079K, capacity 1266K, committed 1280K, reserved 1048576K
}
Event: 0.870 GC heap after
{Heap after GC invocations=4 (full 0):
 garbage-first heap   total 126976K, used 8250K [0x0000000086c00000, 0x0000000100000000)
  region size 1024K, 2 young (2048K), 2 survivors (2048K)
 Metaspace       used 8169K, capacity 8546K, committed 8704K, reserved 1056768K
  class space    used 1079K, capacity 1266K, committed 1280K, reserved 1048576K
}
Event: 1.447 GC heap before
{Heap before GC invocations=4 (full 0):
 garbage-first heap   total 126976K, used 79930K [0x0000000086c00000, 0x0000000100000000)
  region size 1024K, 73 young (74752K), 2 survivors (2048K)
 Metaspace       used 18525K, capacity 19296K, committed 19712K, reserved 1067008K
  class space    used 2479K, capacity 2753K, committed 2816K, reserved 1048576K
}
Event: 1.459 GC heap after
{Heap after GC invocations=5 (full 0):
 garbage-first heap   total 179200K, used 11337K [0x0000000086c00000, 0x0000000100000000)
  region size 1024K, 5 young (5120K), 5 survivors (5120K)
 Metaspace       used 18525K, capacity 19296K, committed 19712K, reserved 1067008K
  class space    used 2479K, capacity 2753K, committed 2816K, reserved 1048576K
}
Event: 2.015 GC heap before
{Heap before GC invocations=5 (full 0):
 garbage-first heap   total 179200K, used 87113K [0x0000000086c00000, 0x0000000100000000)
  region size 1024K, 81 young (82944K), 5 survivors (5120K)
 Metaspace       used 20320K, capacity 21165K, committed 21248K, reserved 1067008K
  class space    used 2739K, capacity 3047K, committed 3072K, reserved 1048576K
}
Event: 2.031 GC heap after
{Heap after GC invocations=6 (full 0):
 garbage-first heap   total 179200K, used 13529K [0x0000000086c00000, 0x0000000100000000)
  region size 1024K, 7 young (7168K), 7 survivors (7168K)
 Metaspace       used 20320K, capacity 21165K, committed 21248K, reserved 1067008K
  class space    used 2739K, capacity 3047K, committed 3072K, reserved 1048576K
}
Event: 2.877 GC heap before
{Heap before GC invocations=7 (full 0):
 garbage-first heap   total 179200K, used 112857K [0x0000000086c00000, 0x0000000100000000)
  region size 1024K, 105 young (107520K), 7 survivors (7168K)
 Metaspace       used 26647K, capacity 27745K, committed 27900K, reserved 1073152K
  class space    used 3572K, capacity 4037K, committed 4096K, reserved 1048576K
}

