# JRE version: OpenJDK Runtime Environment (11.0.5+10) (build 11.0.5+10-post-Ubuntu-0ubuntu1.118.04)
# Java VM: OpenJDK 64-Bit Server VM (11.0.5+10-post-Ubuntu-0ubuntu1.118.04, mixed mode, sharing, tiered, compressed oops, g1 gc, linux-amd64)
Heap:
 garbage-first heap   total 116736K, used 62904K [0x0000000086c00000, 0x0000000100000000)
  region size 1024K, 3 young (3072K), 1 survivors (1024K)
 Metaspace       used 68794K, capacity 71317K, committed 72056K, reserved 1112064K
  class space    used 8664K, capacity 9417K, committed 9676K, reserved 1048576K
GC Heap History (20 events):
Event: 1868.651 GC heap before
{Heap before GC invocations=52 (full 7):
 garbage-first heap   total 116736K, used 92582K [0x0000000086c00000, 0x0000000100000000)
  region size 1024K, 40 young (40960K), 4 survivors (4096K)
 Metaspace       used 68666K, capacity 71250K, committed 71544K, reserved 1112064K
  class space    used 8716K, capacity 9575K, committed 9676K, reserved 1048576K
}
Event: 1868.659 GC heap after
{Heap after GC invocations=53 (full 7):
 garbage-first heap   total 116736K, used 58257K [0x0000000086c00000, 0x0000000100000000)
  region size 1024K, 3 young (3072K), 3 survivors (3072K)
 Metaspace       used 68666K, capacity 71250K, committed 71544K, reserved 1112064K
  class space    used 8716K, capacity 9575K, committed 9676K, reserved 1048576K
}
Event: 1868.983 GC heap before
{Heap before GC invocations=53 (full 7):
 garbage-first heap   total 116736K, used 93073K [0x0000000086c00000, 0x0000000100000000)
  region size 1024K, 38 young (38912K), 3 survivors (3072K)
 Metaspace       used 68853K, capacity 71457K, committed 71800K, reserved 1112064K
  class space    used 8730K, capacity 9577K, committed 9676K, reserved 1048576K
}
Event: 1869.000 GC heap after
{Heap after GC invocations=54 (full 7):
 garbage-first heap   total 116736K, used 62127K [0x0000000086c00000, 0x0000000100000000)
  region size 1024K, 5 young (5120K), 5 survivors (5120K)
 Metaspace       used 68853K, capacity 71457K, committed 71800K, reserved 1112064K
  class space    used 8730K, capacity 9577K, committed 9676K, reserved 1048576K
}
Event: 1878.798 GC heap before
{Heap before GC invocations=55 (full 7):
 garbage-first heap   total 116736K, used 92847K [0x0000000086c00000, 0x0000000100000000)
  region size 1024K, 35 young (35840K), 5 survivors (5120K)
 Metaspace       used 68994K, capacity 71597K, committed 71800K, reserved 1112064K
  class space    used 8738K, capacity 9579K, committed 9676K, reserved 1048576K
}
Event: 1878.809 GC heap after
{Heap after GC invocations=56 (full 7):
 garbage-first heap   total 116736K, used 64925K [0x0000000086c00000, 0x0000000100000000)
  region size 1024K, 3 young (3072K), 3 survivors (3072K)
 Metaspace       used 68994K, capacity 71597K, committed 71800K, reserved 1112064K
  class space    used 8738K, capacity 9579K, committed 9676K, reserved 1048576K
}
Event: 1878.827 GC heap before
{Heap before GC invocations=56 (full 7):
 garbage-first heap   total 116736K, used 66973K [0x0000000086c00000, 0x0000000100000000)
  region size 1024K, 5 young (5120K), 3 survivors (3072K)
 Metaspace       used 68995K, capacity 71597K, committed 71800K, reserved 1112064K
  class space    used 8738K, capacity 9579K, committed 9676K, reserved 1048576K
}
Event: 1878.835 GC heap after
{Heap after GC invocations=57 (full 7):
 garbage-first heap   total 116736K, used 63499K [0x0000000086c00000, 0x0000000100000000)
  region size 1024K, 1 young (1024K), 1 survivors (1024K)
 Metaspace       used 68995K, capacity 71597K, committed 71800K, reserved 1112064K
  class space    used 8738K, capacity 9579K, committed 9676K, reserved 1048576K
}
Event: 1921.434 GC heap before
{Heap before GC invocations=57 (full 7):
 garbage-first heap   total 116736K, used 92171K [0x0000000086c00000, 0x0000000100000000)
  region size 1024K, 30 young (30720K), 1 survivors (1024K)
 Metaspace       used 69093K, capacity 71782K, committed 72056K, reserved 1112064K
  class space    used 8747K, capacity 9594K, committed 9676K, reserved 1048576K
}
Event: 1921.439 GC heap after
{Heap after GC invocations=58 (full 7):
 garbage-first heap   total 116736K, used 64015K [0x0000000086c00000, 0x0000000100000000)
  region size 1024K, 1 young (1024K), 1 survivors (1024K)
 Metaspace       used 69093K, capacity 71782K, committed 72056K, reserved 1112064K
  class space    used 8747K, capacity 9594K, committed 9676K, reserved 1048576K
}
Event: 1982.971 GC heap before
{Heap before GC invocations=59 (full 7):
 garbage-first heap   total 116736K, used 92687K [0x0000000086c00000, 0x0000000100000000)
  region size 1024K, 30 young (30720K), 1 survivors (1024K)
 Metaspace       used 68768K, capacity 71235K, committed 72056K, reserved 1112064K
  class space    used 8662K, capacity 9413K, committed 9676K, reserved 1048576K
}
Event: 1982.978 GC heap after
{Heap after GC invocations=60 (full 7):
 garbage-first heap   total 116736K, used 64141K [0x0000000086c00000, 0x0000000100000000)
  region size 1024K, 1 young (1024K), 1 survivors (1024K)
 Metaspace       used 68768K, capacity 71235K, committed 72056K, reserved 1112064K
  class space    used 8662K, capacity 9413K, committed 9676K, reserved 1048576K
}
Event: 1993.074 GC heap before
{Heap before GC invocations=60 (full 7):
 garbage-first heap   total 116736K, used 68237K [0x0000000086c00000, 0x0000000100000000)
  region size 1024K, 5 young (5120K), 1 survivors (1024K)
 Metaspace       used 68768K, capacity 71235K, committed 72056K, reserved 1112064K
  class space    used 8662K, capacity 9413K, committed 9676K, reserved 1048576K
}
Event: 1993.077 GC heap after
{Heap after GC invocations=61 (full 7):
 garbage-first heap   total 116736K, used 62661K [0x0000000086c00000, 0x0000000100000000)
  region size 1024K, 1 young (1024K), 1 survivors (1024K)
 Metaspace       used 68768K, capacity 71235K, committed 72056K, reserved 1112064K
  class space    used 8662K, capacity 9413K, committed 9676K, reserved 1048576K
}
Event: 2118.222 GC heap before
{Heap before GC invocations=61 (full 7):
 garbage-first heap   total 116736K, used 92357K [0x0000000086c00000, 0x0000000100000000)
  region size 1024K, 30 young (30720K), 1 survivors (1024K)
 Metaspace       used 68768K, capacity 71235K, committed 72056K, reserved 1112064K
  class space    used 8662K, capacity 9413K, committed 9676K, reserved 1048576K
}
Event: 2118.227 GC heap after
{Heap after GC invocations=62 (full 7):
 garbage-first heap   total 116736K, used 62604K [0x0000000086c00000, 0x0000000100000000)
  region size 1024K, 1 young (1024K), 1 survivors (1024K)
 Metaspace       used 68768K, capacity 71235K, committed 72056K, reserved 1112064K
  class space    used 8662K, capacity 9413K, committed 9676K, reserved 1048576K
}
Event: 2196.961 GC heap before
{Heap before GC invocations=63 (full 7):
 garbage-first heap   total 116736K, used 93324K [0x0000000086c00000, 0x0000000100000000)
  region size 1024K, 31 young (31744K), 1 survivors (1024K)
 Metaspace       used 68794K, capacity 71317K, committed 72056K, reserved 1112064K
  class space    used 8664K, capacity 9417K, committed 9676K, reserved 1048576K
}
Event: 2196.965 GC heap after
{Heap after GC invocations=64 (full 7):
 garbage-first heap   total 116736K, used 62677K [0x0000000086c00000, 0x0000000100000000)
  region size 1024K, 1 young (1024K), 1 survivors (1024K)
 Metaspace       used 68794K, capacity 71317K, committed 72056K, reserved 1112064K
  class space    used 8664K, capacity 9417K, committed 9676K, reserved 1048576K
}
Event: 2208.061 GC heap before
{Heap before GC invocations=64 (full 7):
 garbage-first heap   total 116736K, used 66773K [0x0000000086c00000, 0x0000000100000000)
  region size 1024K, 5 young (5120K), 1 survivors (1024K)
 Metaspace       used 68794K, capacity 71317K, committed 72056K, reserved 1112064K
  class space    used 8664K, capacity 9417K, committed 9676K, reserved 1048576K
}
Event: 2208.065 GC heap after
{Heap after GC invocations=65 (full 7):
 garbage-first heap   total 116736K, used 61880K [0x0000000086c00000, 0x0000000100000000)
  region size 1024K, 1 young (1024K), 1 survivors (1024K)
 Metaspace       used 68794K, capacity 71317K, committed 72056K, reserved 1112064K
  class space    used 8664K, capacity 9417K, committed 9676K, reserved 1048576K
}

