# JRE version: OpenJDK Runtime Environment (11.0.5+10) (build 11.0.5+10-post-Ubuntu-0ubuntu1.118.04)
# Java VM: OpenJDK 64-Bit Server VM (11.0.5+10-post-Ubuntu-0ubuntu1.118.04, mixed mode, sharing, tiered, compressed oops, g1 gc, linux-amd64)
Heap:
 garbage-first heap   total 177152K, used 140690K [0x0000000086c00000, 0x0000000100000000)
  region size 1024K, 46 young (47104K), 3 survivors (3072K)
 Metaspace       used 76396K, capacity 80261K, committed 80552K, reserved 1120256K
  class space    used 9430K, capacity 10809K, committed 10828K, reserved 1048576K
GC Heap History (20 events):
Event: 997.154 GC heap after
{Heap after GC invocations=177 (full 8):
 garbage-first heap   total 147456K, used 90550K [0x0000000086c00000, 0x0000000100000000)
  region size 1024K, 4 young (4096K), 4 survivors (4096K)
 Metaspace       used 75367K, capacity 79149K, committed 79400K, reserved 1118208K
  class space    used 9352K, capacity 10685K, committed 10700K, reserved 1048576K
}
Event: 997.347 GC heap before
{Heap before GC invocations=177 (full 8):
 garbage-first heap   total 147456K, used 119222K [0x0000000086c00000, 0x0000000100000000)
  region size 1024K, 33 young (33792K), 4 survivors (4096K)
 Metaspace       used 75490K, capacity 79307K, committed 79400K, reserved 1118208K
  class space    used 9364K, capacity 10692K, committed 10700K, reserved 1048576K
}
Event: 997.358 GC heap after
{Heap after GC invocations=178 (full 8):
 garbage-first heap   total 147456K, used 94248K [0x0000000086c00000, 0x0000000100000000)
  region size 1024K, 5 young (5120K), 5 survivors (5120K)
 Metaspace       used 75490K, capacity 79307K, committed 79400K, reserved 1118208K
  class space    used 9364K, capacity 10692K, committed 10700K, reserved 1048576K
}
Event: 997.645 GC heap before
{Heap before GC invocations=178 (full 8):
 garbage-first heap   total 147456K, used 121896K [0x0000000086c00000, 0x0000000100000000)
  region size 1024K, 32 young (32768K), 5 survivors (5120K)
 Metaspace       used 75747K, capacity 79573K, committed 79784K, reserved 1118208K
  class space    used 9382K, capacity 10732K, committed 10828K, reserved 1048576K
}
Event: 997.655 GC heap after
{Heap after GC invocations=179 (full 8):
 garbage-first heap   total 147456K, used 97553K [0x0000000086c00000, 0x0000000100000000)
  region size 1024K, 4 young (4096K), 4 survivors (4096K)
 Metaspace       used 75747K, capacity 79573K, committed 79784K, reserved 1118208K
  class space    used 9382K, capacity 10732K, committed 10828K, reserved 1048576K
}
Event: 1004.407 GC heap before
{Heap before GC invocations=180 (full 8):
 garbage-first heap   total 147456K, used 121105K [0x0000000086c00000, 0x0000000100000000)
  region size 1024K, 27 young (27648K), 4 survivors (4096K)
 Metaspace       used 75747K, capacity 79573K, committed 79784K, reserved 1118208K
  class space    used 9382K, capacity 10732K, committed 10828K, reserved 1048576K
}
Event: 1004.415 GC heap after
{Heap after GC invocations=181 (full 8):
 garbage-first heap   total 147456K, used 97905K [0x0000000086c00000, 0x0000000100000000)
  region size 1024K, 2 young (2048K), 2 survivors (2048K)
 Metaspace       used 75747K, capacity 79573K, committed 79784K, reserved 1118208K
  class space    used 9382K, capacity 10732K, committed 10828K, reserved 1048576K
}
Event: 1017.404 GC heap before
{Heap before GC invocations=181 (full 8):
 garbage-first heap   total 147456K, used 122481K [0x0000000086c00000, 0x0000000100000000)
  region size 1024K, 26 young (26624K), 2 survivors (2048K)
 Metaspace       used 75747K, capacity 79573K, committed 79784K, reserved 1118208K
  class space    used 9382K, capacity 10732K, committed 10828K, reserved 1048576K
}
Event: 1017.409 GC heap after
{Heap after GC invocations=182 (full 8):
 garbage-first heap   total 147456K, used 97412K [0x0000000086c00000, 0x0000000100000000)
  region size 1024K, 1 young (1024K), 1 survivors (1024K)
 Metaspace       used 75747K, capacity 79573K, committed 79784K, reserved 1118208K
  class space    used 9382K, capacity 10732K, committed 10828K, reserved 1048576K
}
Event: 1030.586 GC heap before
{Heap before GC invocations=183 (full 8):
 garbage-first heap   total 147456K, used 124036K [0x0000000086c00000, 0x0000000100000000)
  region size 1024K, 27 young (27648K), 1 survivors (1024K)
 Metaspace       used 75747K, capacity 79573K, committed 79784K, reserved 1118208K
  class space    used 9382K, capacity 10732K, committed 10828K, reserved 1048576K
}
Event: 1030.590 GC heap after
{Heap after GC invocations=184 (full 8):
 garbage-first heap   total 177152K, used 97531K [0x0000000086c00000, 0x0000000100000000)
  region size 1024K, 1 young (1024K), 1 survivors (1024K)
 Metaspace       used 75747K, capacity 79573K, committed 79784K, reserved 1118208K
  class space    used 9382K, capacity 10732K, committed 10828K, reserved 1048576K
}
Event: 1032.537 GC heap before
{Heap before GC invocations=184 (full 8):
 garbage-first heap   total 177152K, used 104699K [0x0000000086c00000, 0x0000000100000000)
  region size 1024K, 9 young (9216K), 1 survivors (1024K)
 Metaspace       used 75758K, capacity 79591K, committed 79784K, reserved 1118208K
  class space    used 9384K, capacity 10736K, committed 10828K, reserved 1048576K
}
Event: 1032.793 GC heap after
{Heap after GC invocations=185 (full 9):
 garbage-first heap   total 177152K, used 89488K [0x0000000086c00000, 0x0000000100000000)
  region size 1024K, 0 young (0K), 0 survivors (0K)
 Metaspace       used 75758K, capacity 79591K, committed 79784K, reserved 1118208K
  class space    used 9384K, capacity 10736K, committed 10828K, reserved 1048576K
}
Event: 1033.414 GC heap before
{Heap before GC invocations=185 (full 9):
 garbage-first heap   total 177152K, used 135568K [0x0000000086c00000, 0x0000000100000000)
  region size 1024K, 45 young (46080K), 0 survivors (0K)
 Metaspace       used 75987K, capacity 79839K, committed 80040K, reserved 1118208K
  class space    used 9402K, capacity 10776K, committed 10828K, reserved 1048576K
}
Event: 1033.425 GC heap after
{Heap after GC invocations=186 (full 9):
 garbage-first heap   total 177152K, used 92213K [0x0000000086c00000, 0x0000000100000000)
  region size 1024K, 3 young (3072K), 3 survivors (3072K)
 Metaspace       used 75987K, capacity 79839K, committed 80040K, reserved 1118208K
  class space    used 9402K, capacity 10776K, committed 10828K, reserved 1048576K
}
Event: 1033.569 GC heap before
{Heap before GC invocations=186 (full 9):
 garbage-first heap   total 177152K, used 136245K [0x0000000086c00000, 0x0000000100000000)
  region size 1024K, 47 young (48128K), 3 survivors (3072K)
 Metaspace       used 76023K, capacity 79903K, committed 80040K, reserved 1118208K
  class space    used 9404K, capacity 10776K, committed 10828K, reserved 1048576K
}
Event: 1033.574 GC heap after
{Heap after GC invocations=187 (full 9):
 garbage-first heap   total 177152K, used 92883K [0x0000000086c00000, 0x0000000100000000)
  region size 1024K, 4 young (4096K), 4 survivors (4096K)
 Metaspace       used 76023K, capacity 79903K, committed 80040K, reserved 1118208K
  class space    used 9404K, capacity 10776K, committed 10828K, reserved 1048576K
}
Event: 1033.954 GC heap before
{Heap before GC invocations=188 (full 9):
 garbage-first heap   total 177152K, used 138963K [0x0000000086c00000, 0x0000000100000000)
  region size 1024K, 49 young (50176K), 4 survivors (4096K)
 Metaspace       used 76147K, capacity 79967K, committed 80296K, reserved 1118208K
  class space    used 9414K, capacity 10776K, committed 10828K, reserved 1048576K
}
Event: 1033.962 GC heap after
{Heap after GC invocations=189 (full 9):
 garbage-first heap   total 177152K, used 96658K [0x0000000086c00000, 0x0000000100000000)
  region size 1024K, 7 young (7168K), 7 survivors (7168K)
 Metaspace       used 76147K, capacity 79967K, committed 80296K, reserved 1118208K
  class space    used 9414K, capacity 10776K, committed 10828K, reserved 1048576K
}
Event: 1034.332 GC heap before
{Heap before GC invocations=189 (full 9):
 garbage-first heap   total 177152K, used 139666K [0x0000000086c00000, 0x0000000100000000)
  region size 1024K, 50 young (51200K), 7 survivors (7168K)
 Metaspace       used 76396K, capacity 80261K, committed 80552K, reserved 1120256K
  class space    used 9430K, capacity 10809K, committed 10828K, reserved 1048576K
}

