# JRE version: OpenJDK Runtime Environment (11.0.5+10) (build 11.0.5+10-post-Ubuntu-0ubuntu1.118.04)
# Java VM: OpenJDK 64-Bit Server VM (11.0.5+10-post-Ubuntu-0ubuntu1.118.04, mixed mode, sharing, tiered, compressed oops, g1 gc, linux-amd64)
Heap:
 garbage-first heap   total 563200K, used 376063K [0x0000000086c00000, 0x0000000100000000)
  region size 1024K, 42 young (43008K), 9 survivors (9216K)
 Metaspace       used 125010K, capacity 135676K, committed 135760K, reserved 1167360K
  class space    used 13070K, capacity 17148K, committed 17232K, reserved 1048576K
GC Heap History (20 events):
Event: 22332.119 GC heap before
{Heap before GC invocations=538 (full 91):
 garbage-first heap   total 544768K, used 464761K [0x0000000086c00000, 0x0000000100000000)
  region size 1024K, 139 young (142336K), 0 survivors (0K)
 Metaspace       used 120925K, capacity 130458K, committed 130640K, reserved 1163264K
  class space    used 12640K, capacity 16386K, committed 16464K, reserved 1048576K
}
Event: 22332.133 GC heap after
{Heap after GC invocations=539 (full 91):
 garbage-first heap   total 544768K, used 331939K [0x0000000086c00000, 0x0000000100000000)
  region size 1024K, 9 young (9216K), 9 survivors (9216K)
 Metaspace       used 120925K, capacity 130458K, committed 130640K, reserved 1163264K
  class space    used 12640K, capacity 16386K, committed 16464K, reserved 1048576K
}
Event: 22439.279 GC heap before
{Heap before GC invocations=539 (full 91):
 garbage-first heap   total 544768K, used 397475K [0x0000000086c00000, 0x0000000100000000)
  region size 1024K, 74 young (75776K), 9 survivors (9216K)
 Metaspace       used 121139K, capacity 130758K, committed 130896K, reserved 1163264K
  class space    used 12653K, capacity 16421K, committed 16464K, reserved 1048576K
}
Event: 22440.070 GC heap after
{Heap after GC invocations=540 (full 92):
 garbage-first heap   total 547840K, used 324525K [0x0000000086c00000, 0x0000000100000000)
  region size 1024K, 0 young (0K), 0 survivors (0K)
 Metaspace       used 121139K, capacity 130758K, committed 130896K, reserved 1163264K
  class space    used 12653K, capacity 16421K, committed 16464K, reserved 1048576K
}
Event: 22441.069 GC heap before
{Heap before GC invocations=540 (full 92):
 garbage-first heap   total 547840K, used 465837K [0x0000000086c00000, 0x0000000100000000)
  region size 1024K, 139 young (142336K), 0 survivors (0K)
 Metaspace       used 121499K, capacity 131134K, committed 131280K, reserved 1163264K
  class space    used 12684K, capacity 16461K, committed 16592K, reserved 1048576K
}
Event: 22441.083 GC heap after
{Heap after GC invocations=541 (full 92):
 garbage-first heap   total 547840K, used 333001K [0x0000000086c00000, 0x0000000100000000)
  region size 1024K, 9 young (9216K), 9 survivors (9216K)
 Metaspace       used 121499K, capacity 131134K, committed 131280K, reserved 1163264K
  class space    used 12684K, capacity 16461K, committed 16592K, reserved 1048576K
}
Event: 22466.145 GC heap before
{Heap before GC invocations=541 (full 92):
 garbage-first heap   total 547840K, used 383177K [0x0000000086c00000, 0x0000000100000000)
  region size 1024K, 59 young (60416K), 9 survivors (9216K)
 Metaspace       used 121748K, capacity 131434K, committed 131536K, reserved 1165312K
  class space    used 12699K, capacity 16496K, committed 16592K, reserved 1048576K
}
Event: 22467.034 GC heap after
{Heap after GC invocations=542 (full 93):
 garbage-first heap   total 549888K, used 326310K [0x0000000086c00000, 0x0000000100000000)
  region size 1024K, 0 young (0K), 0 survivors (0K)
 Metaspace       used 121744K, capacity 131428K, committed 131536K, reserved 1165312K
  class space    used 12698K, capacity 16494K, committed 16592K, reserved 1048576K
}
Event: 22468.128 GC heap before
{Heap before GC invocations=542 (full 93):
 garbage-first heap   total 549888K, used 468646K [0x0000000086c00000, 0x0000000100000000)
  region size 1024K, 140 young (143360K), 0 survivors (0K)
 Metaspace       used 122116K, capacity 131868K, committed 132048K, reserved 1165312K
  class space    used 12730K, capacity 16534K, committed 16592K, reserved 1048576K
}
Event: 22468.140 GC heap after
{Heap after GC invocations=543 (full 93):
 garbage-first heap   total 549888K, used 334502K [0x0000000086c00000, 0x0000000100000000)
  region size 1024K, 8 young (8192K), 8 survivors (8192K)
 Metaspace       used 122116K, capacity 131868K, committed 132048K, reserved 1165312K
  class space    used 12730K, capacity 16534K, committed 16592K, reserved 1048576K
}
Event: 22503.684 GC heap before
{Heap before GC invocations=543 (full 93):
 garbage-first heap   total 549888K, used 384678K [0x0000000086c00000, 0x0000000100000000)
  region size 1024K, 58 young (59392K), 8 survivors (8192K)
 Metaspace       used 122352K, capacity 132104K, committed 132304K, reserved 1165312K
  class space    used 12745K, capacity 16569K, committed 16592K, reserved 1048576K
}
Event: 22504.807 GC heap after
{Heap after GC invocations=544 (full 94):
 garbage-first heap   total 557056K, used 329950K [0x0000000086c00000, 0x0000000100000000)
  region size 1024K, 0 young (0K), 0 survivors (0K)
 Metaspace       used 122352K, capacity 132104K, committed 132304K, reserved 1165312K
  class space    used 12745K, capacity 16569K, committed 16592K, reserved 1048576K
}
Event: 22506.287 GC heap before
{Heap before GC invocations=544 (full 94):
 garbage-first heap   total 557056K, used 474334K [0x0000000086c00000, 0x0000000100000000)
  region size 1024K, 142 young (145408K), 0 survivors (0K)
 Metaspace       used 123657K, capacity 133971K, committed 134224K, reserved 1167360K
  class space    used 12923K, capacity 16883K, committed 16976K, reserved 1048576K
}
Event: 22506.304 GC heap after
{Heap after GC invocations=545 (full 94):
 garbage-first heap   total 557056K, used 338811K [0x0000000086c00000, 0x0000000100000000)
  region size 1024K, 9 young (9216K), 9 survivors (9216K)
 Metaspace       used 123657K, capacity 133971K, committed 134224K, reserved 1167360K
  class space    used 12923K, capacity 16883K, committed 16976K, reserved 1048576K
}
Event: 22888.784 GC heap before
{Heap before GC invocations=545 (full 94):
 garbage-first heap   total 557056K, used 475003K [0x0000000086c00000, 0x0000000100000000)
  region size 1024K, 142 young (145408K), 9 survivors (9216K)
 Metaspace       used 124364K, capacity 134994K, committed 135120K, reserved 1167360K
  class space    used 13023K, capacity 17072K, committed 17104K, reserved 1048576K
}
Event: 22888.796 GC heap after
{Heap after GC invocations=546 (full 94):
 garbage-first heap   total 557056K, used 340115K [0x0000000086c00000, 0x0000000100000000)
  region size 1024K, 10 young (10240K), 10 survivors (10240K)
 Metaspace       used 124364K, capacity 134994K, committed 135120K, reserved 1167360K
  class space    used 13023K, capacity 17072K, committed 17104K, reserved 1048576K
}
Event: 22926.410 GC heap before
{Heap before GC invocations=546 (full 94):
 garbage-first heap   total 557056K, used 354451K [0x0000000086c00000, 0x0000000100000000)
  region size 1024K, 25 young (25600K), 10 survivors (10240K)
 Metaspace       used 124370K, capacity 135006K, committed 135120K, reserved 1167360K
  class space    used 13024K, capacity 17075K, committed 17104K, reserved 1048576K
}
Event: 22927.225 GC heap after
{Heap after GC invocations=547 (full 95):
 garbage-first heap   total 563200K, used 334079K [0x0000000086c00000, 0x0000000100000000)
  region size 1024K, 0 young (0K), 0 survivors (0K)
 Metaspace       used 124370K, capacity 135006K, committed 135120K, reserved 1167360K
  class space    used 13024K, capacity 17075K, committed 17104K, reserved 1048576K
}
Event: 22930.962 GC heap before
{Heap before GC invocations=547 (full 95):
 garbage-first heap   total 563200K, used 481535K [0x0000000086c00000, 0x0000000100000000)
  region size 1024K, 145 young (148480K), 0 survivors (0K)
 Metaspace       used 124796K, capacity 135446K, committed 135760K, reserved 1167360K
  class space    used 13057K, capacity 17115K, committed 17232K, reserved 1048576K
}
Event: 22930.976 GC heap after
{Heap after GC invocations=548 (full 95):
 garbage-first heap   total 563200K, used 343295K [0x0000000086c00000, 0x0000000100000000)
  region size 1024K, 9 young (9216K), 9 survivors (9216K)
 Metaspace       used 124796K, capacity 135446K, committed 135760K, reserved 1167360K
  class space    used 13057K, capacity 17115K, committed 17232K, reserved 1048576K
}

