# JRE version: OpenJDK Runtime Environment (11.0.5+10) (build 11.0.5+10-post-Ubuntu-0ubuntu1.118.04)
# Java VM: OpenJDK 64-Bit Server VM (11.0.5+10-post-Ubuntu-0ubuntu1.118.04, mixed mode, sharing, tiered, compressed oops, g1 gc, linux-amd64)
Heap:
 garbage-first heap   total 162816K, used 88232K [0x0000000086c00000, 0x0000000100000000)
  region size 1024K, 81 young (82944K), 9 survivors (9216K)
 Metaspace       used 28326K, capacity 29500K, committed 29692K, reserved 1075200K
  class space    used 3800K, capacity 4284K, committed 4352K, reserved 1048576K
GC Heap History (14 events):
Event: 0.632 GC heap before
{Heap before GC invocations=0 (full 0):
 garbage-first heap   total 126976K, used 16056K [0x0000000086c00000, 0x0000000100000000)
  region size 1024K, 14 young (14336K), 0 survivors (0K)
 Metaspace       used 5368K, capacity 5804K, committed 6016K, reserved 1056768K
  class space    used 698K, capacity 800K, committed 896K, reserved 1048576K
}
Event: 0.648 GC heap after
{Heap after GC invocations=1 (full 0):
 garbage-first heap   total 126976K, used 6550K [0x0000000086c00000, 0x0000000100000000)
  region size 1024K, 2 young (2048K), 2 survivors (2048K)
 Metaspace       used 5368K, capacity 5804K, committed 6016K, reserved 1056768K
  class space    used 698K, capacity 800K, committed 896K, reserved 1048576K
}
Event: 0.812 GC heap before
{Heap before GC invocations=1 (full 0):
 garbage-first heap   total 126976K, used 16790K [0x0000000086c00000, 0x0000000100000000)
  region size 1024K, 13 young (13312K), 2 survivors (2048K)
 Metaspace       used 7121K, capacity 7439K, committed 7552K, reserved 1056768K
  class space    used 906K, capacity 1044K, committed 1152K, reserved 1048576K
}
Event: 0.822 GC heap after
{Heap after GC invocations=2 (full 0):
 garbage-first heap   total 126976K, used 7777K [0x0000000086c00000, 0x0000000100000000)
  region size 1024K, 2 young (2048K), 2 survivors (2048K)
 Metaspace       used 7121K, capacity 7439K, committed 7552K, reserved 1056768K
  class space    used 906K, capacity 1044K, committed 1152K, reserved 1048576K
}
Event: 0.837 GC heap before
{Heap before GC invocations=2 (full 0):
 garbage-first heap   total 126976K, used 30305K [0x0000000086c00000, 0x0000000100000000)
  region size 1024K, 25 young (25600K), 2 survivors (2048K)
 Metaspace       used 7121K, capacity 7439K, committed 7552K, reserved 1056768K
  class space    used 906K, capacity 1044K, committed 1152K, reserved 1048576K
}
Event: 0.840 GC heap after
{Heap after GC invocations=3 (full 0):
 garbage-first heap   total 126976K, used 7802K [0x0000000086c00000, 0x0000000100000000)
  region size 1024K, 2 young (2048K), 2 survivors (2048K)
 Metaspace       used 7121K, capacity 7439K, committed 7552K, reserved 1056768K
  class space    used 906K, capacity 1044K, committed 1152K, reserved 1048576K
}
Event: 1.284 GC heap before
{Heap before GC invocations=3 (full 0):
 garbage-first heap   total 126976K, used 79482K [0x0000000086c00000, 0x0000000100000000)
  region size 1024K, 73 young (74752K), 2 survivors (2048K)
 Metaspace       used 15639K, capacity 16318K, committed 16512K, reserved 1062912K
  class space    used 2132K, capacity 2395K, committed 2432K, reserved 1048576K
}
Event: 1.291 GC heap after
{Heap after GC invocations=4 (full 0):
 garbage-first heap   total 126976K, used 9905K [0x0000000086c00000, 0x0000000100000000)
  region size 1024K, 4 young (4096K), 4 survivors (4096K)
 Metaspace       used 15639K, capacity 16318K, committed 16512K, reserved 1062912K
  class space    used 2132K, capacity 2395K, committed 2432K, reserved 1048576K
}
Event: 1.723 GC heap before
{Heap before GC invocations=4 (full 0):
 garbage-first heap   total 126976K, used 79537K [0x0000000086c00000, 0x0000000100000000)
  region size 1024K, 73 young (74752K), 4 survivors (4096K)
 Metaspace       used 19146K, capacity 19996K, committed 20096K, reserved 1067008K
  class space    used 2558K, capacity 2877K, committed 2944K, reserved 1048576K
}
Event: 1.732 GC heap after
{Heap after GC invocations=5 (full 0):
 garbage-first heap   total 162816K, used 12327K [0x0000000086c00000, 0x0000000100000000)
  region size 1024K, 6 young (6144K), 6 survivors (6144K)
 Metaspace       used 19146K, capacity 19996K, committed 20096K, reserved 1067008K
  class space    used 2558K, capacity 2877K, committed 2944K, reserved 1048576K
}
Event: 2.019 GC heap before
{Heap before GC invocations=5 (full 0):
 garbage-first heap   total 162816K, used 37927K [0x0000000086c00000, 0x0000000100000000)
  region size 1024K, 32 young (32768K), 6 survivors (6144K)
 Metaspace       used 20327K, capacity 21161K, committed 21248K, reserved 1067008K
  class space    used 2738K, capacity 3047K, committed 3072K, reserved 1048576K
}
Event: 2.038 GC heap after
{Heap after GC invocations=6 (full 0):
 garbage-first heap   total 162816K, used 13530K [0x0000000086c00000, 0x0000000100000000)
  region size 1024K, 7 young (7168K), 7 survivors (7168K)
 Metaspace       used 20327K, capacity 21161K, committed 21248K, reserved 1067008K
  class space    used 2738K, capacity 3047K, committed 3072K, reserved 1048576K
}
Event: 2.951 GC heap before
{Heap before GC invocations=7 (full 0):
 garbage-first heap   total 162816K, used 102618K [0x0000000086c00000, 0x0000000100000000)
  region size 1024K, 95 young (97280K), 7 survivors (7168K)
 Metaspace       used 25825K, capacity 26908K, committed 27260K, reserved 1073152K
  class space    used 3499K, capacity 3931K, committed 3968K, reserved 1048576K
}
Event: 2.967 GC heap after
{Heap after GC invocations=8 (full 0):
 garbage-first heap   total 162816K, used 16552K [0x0000000086c00000, 0x0000000100000000)
  region size 1024K, 9 young (9216K), 9 survivors (9216K)
 Metaspace       used 25825K, capacity 26908K, committed 27260K, reserved 1073152K
  class space    used 3499K, capacity 3931K, committed 3968K, reserved 1048576K
}

