# JRE version: OpenJDK Runtime Environment (11.0.5+10) (build 11.0.5+10-post-Ubuntu-0ubuntu1.118.04)
# Java VM: OpenJDK 64-Bit Server VM (11.0.5+10-post-Ubuntu-0ubuntu1.118.04, mixed mode, sharing, tiered, compressed oops, g1 gc, linux-amd64)
Heap:
 garbage-first heap   total 126976K, used 81452K [0x0000000086c00000, 0x0000000100000000)
  region size 1024K, 77 young (78848K), 6 survivors (6144K)
 Metaspace       used 19278K, capacity 20078K, committed 20352K, reserved 1067008K
  class space    used 2548K, capacity 2844K, committed 2944K, reserved 1048576K
GC Heap History (9 events):
Event: 0.834 GC heap before
{Heap before GC invocations=0 (full 0):
 garbage-first heap   total 126976K, used 15032K [0x0000000086c00000, 0x0000000100000000)
  region size 1024K, 14 young (14336K), 0 survivors (0K)
 Metaspace       used 5530K, capacity 5804K, committed 6016K, reserved 1056768K
  class space    used 699K, capacity 800K, committed 896K, reserved 1048576K
}
Event: 0.846 GC heap after
{Heap after GC invocations=1 (full 0):
 garbage-first heap   total 126976K, used 6741K [0x0000000086c00000, 0x0000000100000000)
  region size 1024K, 2 young (2048K), 2 survivors (2048K)
 Metaspace       used 5530K, capacity 5804K, committed 6016K, reserved 1056768K
  class space    used 699K, capacity 800K, committed 896K, reserved 1048576K
}
Event: 0.977 GC heap before
{Heap before GC invocations=1 (full 0):
 garbage-first heap   total 126976K, used 13909K [0x0000000086c00000, 0x0000000100000000)
  region size 1024K, 9 young (9216K), 2 survivors (2048K)
 Metaspace       used 6918K, capacity 7245K, committed 7424K, reserved 1056768K
  class space    used 862K, capacity 1003K, committed 1024K, reserved 1048576K
}
Event: 0.995 GC heap after
{Heap after GC invocations=2 (full 0):
 garbage-first heap   total 126976K, used 7609K [0x0000000086c00000, 0x0000000100000000)
  region size 1024K, 1 young (1024K), 1 survivors (1024K)
 Metaspace       used 6918K, capacity 7245K, committed 7424K, reserved 1056768K
  class space    used 862K, capacity 1003K, committed 1024K, reserved 1048576K
}
Event: 1.056 GC heap before
{Heap before GC invocations=2 (full 0):
 garbage-first heap   total 126976K, used 32185K [0x0000000086c00000, 0x0000000100000000)
  region size 1024K, 26 young (26624K), 1 survivors (1024K)
 Metaspace       used 7280K, capacity 7623K, committed 7808K, reserved 1056768K
  class space    used 906K, capacity 1044K, committed 1152K, reserved 1048576K
}
Event: 1.060 GC heap after
{Heap after GC invocations=3 (full 0):
 garbage-first heap   total 126976K, used 7870K [0x0000000086c00000, 0x0000000100000000)
  region size 1024K, 2 young (2048K), 2 survivors (2048K)
 Metaspace       used 7280K, capacity 7623K, committed 7808K, reserved 1056768K
  class space    used 906K, capacity 1044K, committed 1152K, reserved 1048576K
}
Event: 1.299 GC heap before
{Heap before GC invocations=3 (full 0):
 garbage-first heap   total 126976K, used 44734K [0x0000000086c00000, 0x0000000100000000)
  region size 1024K, 40 young (40960K), 2 survivors (2048K)
 Metaspace       used 10467K, capacity 10905K, committed 11136K, reserved 1058816K
  class space    used 1401K, capacity 1590K, committed 1664K, reserved 1048576K
}
Event: 1.305 GC heap after
{Heap after GC invocations=4 (full 0):
 garbage-first heap   total 126976K, used 8748K [0x0000000086c00000, 0x0000000100000000)
  region size 1024K, 2 young (2048K), 2 survivors (2048K)
 Metaspace       used 10467K, capacity 10905K, committed 11136K, reserved 1058816K
  class space    used 1401K, capacity 1590K, committed 1664K, reserved 1048576K
}
Event: 1.964 GC heap before
{Heap before GC invocations=4 (full 0):
 garbage-first heap   total 126976K, used 80428K [0x0000000086c00000, 0x0000000100000000)
  region size 1024K, 73 young (74752K), 2 survivors (2048K)
 Metaspace       used 19278K, capacity 20078K, committed 20352K, reserved 1067008K
  class space    used 2548K, capacity 2844K, committed 2944K, reserved 1048576K
}

