# JRE version: OpenJDK Runtime Environment (11.0.5+10) (build 11.0.5+10-post-Ubuntu-0ubuntu1.118.04)
# Java VM: OpenJDK 64-Bit Server VM (11.0.5+10-post-Ubuntu-0ubuntu1.118.04, mixed mode, sharing, tiered, compressed oops, g1 gc, linux-amd64)
Heap:
 garbage-first heap   total 126976K, used 55585K [0x0000000086c00000, 0x0000000100000000)
  region size 1024K, 49 young (50176K), 2 survivors (2048K)
 Metaspace       used 15999K, capacity 16681K, committed 16896K, reserved 1062912K
  class space    used 2188K, capacity 2455K, committed 2560K, reserved 1048576K
GC Heap History (8 events):
Event: 0.747 GC heap before
{Heap before GC invocations=0 (full 0):
 garbage-first heap   total 126976K, used 15032K [0x0000000086c00000, 0x0000000100000000)
  region size 1024K, 14 young (14336K), 0 survivors (0K)
 Metaspace       used 5399K, capacity 5804K, committed 6016K, reserved 1056768K
  class space    used 699K, capacity 800K, committed 896K, reserved 1048576K
}
Event: 0.762 GC heap after
{Heap after GC invocations=1 (full 0):
 garbage-first heap   total 126976K, used 6783K [0x0000000086c00000, 0x0000000100000000)
  region size 1024K, 2 young (2048K), 2 survivors (2048K)
 Metaspace       used 5399K, capacity 5804K, committed 6016K, reserved 1056768K
  class space    used 699K, capacity 800K, committed 896K, reserved 1048576K
}
Event: 0.959 GC heap before
{Heap before GC invocations=1 (full 0):
 garbage-first heap   total 126976K, used 12927K [0x0000000086c00000, 0x0000000100000000)
  region size 1024K, 8 young (8192K), 2 survivors (2048K)
 Metaspace       used 6615K, capacity 6969K, committed 7168K, reserved 1056768K
  class space    used 842K, capacity 971K, committed 1024K, reserved 1048576K
}
Event: 0.970 GC heap after
{Heap after GC invocations=2 (full 0):
 garbage-first heap   total 126976K, used 7592K [0x0000000086c00000, 0x0000000100000000)
  region size 1024K, 1 young (1024K), 1 survivors (1024K)
 Metaspace       used 6615K, capacity 6969K, committed 7168K, reserved 1056768K
  class space    used 842K, capacity 971K, committed 1024K, reserved 1048576K
}
Event: 1.048 GC heap before
{Heap before GC invocations=2 (full 0):
 garbage-first heap   total 126976K, used 29096K [0x0000000086c00000, 0x0000000100000000)
  region size 1024K, 23 young (23552K), 1 survivors (1024K)
 Metaspace       used 7149K, capacity 7443K, committed 7808K, reserved 1056768K
  class space    used 906K, capacity 1044K, committed 1152K, reserved 1048576K
}
Event: 1.053 GC heap after
{Heap after GC invocations=3 (full 0):
 garbage-first heap   total 126976K, used 7905K [0x0000000086c00000, 0x0000000100000000)
  region size 1024K, 2 young (2048K), 2 survivors (2048K)
 Metaspace       used 7149K, capacity 7443K, committed 7808K, reserved 1056768K
  class space    used 906K, capacity 1044K, committed 1152K, reserved 1048576K
}
Event: 1.279 GC heap before
{Heap before GC invocations=3 (full 0):
 garbage-first heap   total 126976K, used 40673K [0x0000000086c00000, 0x0000000100000000)
  region size 1024K, 35 young (35840K), 2 survivors (2048K)
 Metaspace       used 9469K, capacity 9934K, committed 10112K, reserved 1058816K
  class space    used 1232K, capacity 1391K, committed 1408K, reserved 1048576K
}
Event: 1.286 GC heap after
{Heap after GC invocations=4 (full 0):
 garbage-first heap   total 126976K, used 8481K [0x0000000086c00000, 0x0000000100000000)
  region size 1024K, 2 young (2048K), 2 survivors (2048K)
 Metaspace       used 9469K, capacity 9934K, committed 10112K, reserved 1058816K
  class space    used 1232K, capacity 1391K, committed 1408K, reserved 1048576K
}

